<?xml version="1.0" encoding="UTF-8"?>
<!-- Generated by org.testng.reporters.JUnitXMLReporter -->
<testsuite ignored="0" hostname="DESKTOP-IQ2M59A" failures="0" tests="2" name="Default test(failed)(failed)" time="0.173" errors="0" timestamp="2024-07-26T12:59:38 IST">
  <testcase classname="parallelTest.TestClasss" name="@BeforeMethod lounchBrowser" time="-1.721978978055E9">
    <failure type="org.testng.TestNGException" message="
Parameter &amp;apos;browser&amp;apos; is required by BeforeMethod on method lounchBrowser but has not been marked @Optional or defined
in C:\Users\Moreshwar\eclipse-workspace cucumber\TDDFrameWork\test-output\testng-failed.xml">
      <![CDATA[org.testng.TestNGException: 
Parameter 'browser' is required by BeforeMethod on method lounchBrowser but has not been marked @Optional or defined
in C:\Users\Moreshwar\eclipse-workspace cucumber\TDDFrameWork\test-output\testng-failed.xml
at java.base/java.util.ArrayList.forEach(ArrayList.java:1511)
... Removed 28 stack frames]]>
    </failure>
  </testcase> <!-- @BeforeMethod lounchBrowser -->
  <testcase classname="parallelTest.TestClasss" name="@AfterMethod tearDown" time="-1.721978978105E9">
    <skipped/>
  </testcase> <!-- @AfterMethod tearDown -->
  <testcase classname="parallelTest.TestClasss" name="@BeforeMethod lounchBrowser" time="-1.721978978139E9">
    <skipped/>
  </testcase> <!-- @BeforeMethod lounchBrowser -->
  <testcase classname="parallelTest.TestClasss" name="@AfterMethod tearDown" time="-1.721978978157E9">
    <skipped/>
  </testcase> <!-- @AfterMethod tearDown -->
  <testcase classname="parallelTest.TestClasss" name="validatingLogin" time="0.0">
    <skipped/>
  </testcase> <!-- validatingLogin -->
  <testcase classname="parallelTest.TestClasss" name="validatingLoginbutton" time="0.0">
    <skipped/>
  </testcase> <!-- validatingLoginbutton -->
</testsuite> <!-- Default test(failed)(failed) -->
